<?xml version="1.0" encoding="UTF-8"?>
<!-- Generated by org.testng.reporters.JUnitReportReporter -->
<testsuite hostname="Bharaths-MacBook-Pro.local" failures="0" tests="1" name="Tests.TestScenario12and13" time="13.969" errors="0" timestamp="2025-05-02T12:58:47 IST" skipped="0">
  <testcase classname="Tests.TestScenario12and13" name="testcase2" time="13.969"/>
  <system-out/>
</testsuite> <!-- Tests.TestScenario12and13 -->
