<?xml version="1.0" encoding="UTF-8"?>
<!-- Generated by org.testng.reporters.JUnitReportReporter -->
<testsuite hostname="Bharaths-MacBook-Pro.local" failures="0" tests="1" name="Tests.TestScenario41" time="46.646" errors="0" timestamp="2025-05-02T12:40:57 IST" skipped="0">
  <testcase classname="Tests.TestScenario41" name="case1" time="46.646"/>
  <system-out/>
</testsuite> <!-- Tests.TestScenario41 -->
