<?xml version="1.0" encoding="UTF-8"?>
<!-- Generated by org.testng.reporters.JUnitReportReporter -->
<testsuite hostname="Bharaths-MacBook-Pro.local" failures="0" tests="1" name="Tests.TestScenario37" time="26.084" errors="0" timestamp="2025-04-14T09:02:22 IST" skipped="0">
  <testcase classname="Tests.TestScenario37" name="case1" time="26.084"/>
  <system-out/>
</testsuite> <!-- Tests.TestScenario37 -->
