<?xml version="1.0" encoding="UTF-8"?>
<!-- Generated by org.testng.reporters.JUnitReportReporter -->
<testsuite hostname="Bharaths-MacBook-Pro.local" failures="0" tests="1" name="Tests.TestScenario38" time="42.791" errors="0" timestamp="2025-04-16T16:16:39 IST" skipped="0">
  <testcase classname="Tests.TestScenario38" name="case2" time="42.791"/>
  <system-out/>
</testsuite> <!-- Tests.TestScenario38 -->
