<?xml version="1.0" encoding="UTF-8"?>
<!-- Generated by org.testng.reporters.JUnitReportReporter -->
<testsuite hostname="Bharaths-MacBook-Pro.local" failures="0" tests="1" name="Tests.TestScenario21" time="7.508" errors="0" timestamp="2025-04-07T10:06:03 IST" skipped="0">
  <testcase classname="Tests.TestScenario21" name="case1" time="7.508"/>
  <system-out/>
</testsuite> <!-- Tests.TestScenario21 -->
