<?xml version="1.0" encoding="UTF-8"?>
<!-- Generated by org.testng.reporters.JUnitReportReporter -->
<testsuite hostname="Bharaths-MacBook-Pro.local" failures="0" tests="1" name="Tests.TestScenario30and31" time="17.026" errors="0" timestamp="2025-04-10T13:55:52 IST" skipped="0">
  <testcase classname="Tests.TestScenario30and31" name="case2" time="17.026"/>
  <system-out/>
</testsuite> <!-- Tests.TestScenario30and31 -->
