<?xml version="1.0" encoding="UTF-8"?>
<!-- Generated by org.testng.reporters.JUnitReportReporter -->
<testsuite hostname="Bharaths-MacBook-Pro.local" failures="0" tests="1" name="Tests.ttertert" time="37.036" errors="0" timestamp="2025-04-17T15:58:05 IST" skipped="0">
  <testcase classname="Tests.ttertert" name="case3" time="37.036"/>
  <system-out/>
</testsuite> <!-- Tests.ttertert -->
