<?xml version="1.0" encoding="UTF-8"?>
<!-- Generated by org.testng.reporters.JUnitReportReporter -->
<testsuite hostname="Bharaths-MacBook-Pro.local" failures="0" tests="1" name="Tests.TestScenario45" time="100.536" errors="0" timestamp="2025-04-16T16:19:07 IST" skipped="0">
  <testcase classname="Tests.TestScenario45" name="case2" time="100.536"/>
  <system-out/>
</testsuite> <!-- Tests.TestScenario45 -->
