<?xml version="1.0" encoding="UTF-8"?>
<!-- Generated by org.testng.reporters.JUnitReportReporter -->
<testsuite hostname="Bharaths-MacBook-Pro.local" failures="0" tests="1" name="Tests.TestScenario8" time="33.457" errors="0" timestamp="2025-04-21T17:27:42 IST" skipped="0">
  <testcase classname="Tests.TestScenario8" name="case1" time="33.457"/>
  <system-out/>
</testsuite> <!-- Tests.TestScenario8 -->
