<?xml version="1.0" encoding="UTF-8"?>
<!-- Generated by org.testng.reporters.JUnitReportReporter -->
<testsuite hostname="Bharaths-MacBook-Pro.local" failures="0" tests="1" name="Tests.TestScenario18" time="8.915" errors="0" timestamp="2025-04-22T18:15:33 IST" skipped="0">
  <testcase classname="Tests.TestScenario18" name="testcase4" time="8.915"/>
  <system-out/>
</testsuite> <!-- Tests.TestScenario18 -->
