<?xml version="1.0" encoding="UTF-8"?>
<!-- Generated by org.testng.reporters.JUnitReportReporter -->
<testsuite hostname="Bharaths-MacBook-Pro.local" failures="0" tests="1" name="Tests.TestScenario29" time="9.176" errors="0" timestamp="2025-04-09T13:43:28 IST" skipped="0">
  <testcase classname="Tests.TestScenario29" name="case5" time="9.176"/>
  <system-out/>
</testsuite> <!-- Tests.TestScenario29 -->
