<?xml version="1.0" encoding="UTF-8"?>
<!-- Generated by org.testng.reporters.JUnitReportReporter -->
<testsuite hostname="Bharaths-MacBook-Pro.local" failures="0" tests="1" name="Tests.TestSceanrio18" time="22.474" errors="0" timestamp="2025-04-04T14:21:24 IST" skipped="0">
  <testcase classname="Tests.TestSceanrio18" name="testcase4" time="22.474"/>
  <system-out/>
</testsuite> <!-- Tests.TestSceanrio18 -->
