<?xml version="1.0" encoding="UTF-8"?>
<!-- Generated by org.testng.reporters.JUnitReportReporter -->
<testsuite hostname="Bharaths-MacBook-Pro.local" failures="0" tests="1" name="Tests.TestSenario44" time="11.090" errors="0" timestamp="2025-04-14T17:30:57 IST" skipped="0">
  <testcase classname="Tests.TestSenario44" name="case4" time="11.090"/>
  <system-out/>
</testsuite> <!-- Tests.TestSenario44 -->
