<?xml version="1.0" encoding="UTF-8"?>
<!-- Generated by org.testng.reporters.JUnitReportReporter -->
<testsuite hostname="Bharaths-MacBook-Pro.local" failures="0" tests="1" name="Tests.TestScenario16" time="62.035" errors="0" timestamp="2025-04-03T17:52:52 IST" skipped="0">
  <testcase classname="Tests.TestScenario16" name="testcase1" time="62.035"/>
  <system-out/>
</testsuite> <!-- Tests.TestScenario16 -->
