<?xml version="1.0" encoding="UTF-8"?>
<!-- Generated by org.testng.reporters.JUnitReportReporter -->
<testsuite hostname="Bharaths-MacBook-Pro.local" failures="0" tests="1" name="Tests.TestScenario36" time="72.631" errors="0" timestamp="2025-04-14T15:31:44 IST" skipped="0">
  <testcase classname="Tests.TestScenario36" name="case4" time="72.631"/>
  <system-out/>
</testsuite> <!-- Tests.TestScenario36 -->
