<?xml version="1.0" encoding="UTF-8"?>
<!-- Generated by org.testng.reporters.JUnitReportReporter -->
<testsuite hostname="Bharaths-MacBook-Pro.local" failures="0" tests="1" name="Tests.TestScenario43" time="52.595" errors="0" timestamp="2025-05-19T13:49:50 IST" skipped="0">
  <testcase classname="Tests.TestScenario43" name="case3" time="52.595"/>
  <system-out/>
</testsuite> <!-- Tests.TestScenario43 -->
