<?xml version="1.0" encoding="UTF-8"?>
<!-- Generated by org.testng.reporters.JUnitReportReporter -->
<testsuite hostname="Bharaths-MacBook-Pro.local" failures="0" tests="1" name="Tests.TestScenario28" time="50.602" errors="0" timestamp="2025-04-09T13:52:52 IST" skipped="0">
  <testcase classname="Tests.TestScenario28" name="case1" time="50.602"/>
  <system-out/>
</testsuite> <!-- Tests.TestScenario28 -->
