<?xml version="1.0" encoding="UTF-8"?>
<!-- Generated by org.testng.reporters.JUnitReportReporter -->
<testsuite hostname="Bharaths-MacBook-Pro.local" failures="0" tests="1" name="Tests.TestScenario32" time="15.714" errors="0" timestamp="2025-04-11T15:28:11 IST" skipped="0">
  <testcase classname="Tests.TestScenario32" name="case9" time="15.714"/>
  <system-out/>
</testsuite> <!-- Tests.TestScenario32 -->
