<?xml version="1.0" encoding="UTF-8"?>
<!-- Generated by org.testng.reporters.JUnitReportReporter -->
<testsuite hostname="Bharaths-MacBook-Pro.local" failures="0" tests="1" name="Tests.TestScenario24and25" time="6.726" errors="0" timestamp="2025-04-07T16:43:27 IST" skipped="0">
  <testcase classname="Tests.TestScenario24and25" name="case3" time="6.726"/>
  <system-out/>
</testsuite> <!-- Tests.TestScenario24and25 -->
