<?xml version="1.0" encoding="UTF-8"?>
<!-- Generated by org.testng.reporters.JUnitReportReporter -->
<testsuite hostname="Bharaths-MacBook-Pro.local" failures="0" tests="1" name="Tests.TestScenario16and17" time="33.270" errors="0" timestamp="2025-04-04T12:14:46 IST" skipped="0">
  <testcase classname="Tests.TestScenario16and17" name="testcase3" time="33.270"/>
  <system-out/>
</testsuite> <!-- Tests.TestScenario16and17 -->
