<?xml version="1.0" encoding="UTF-8"?>
<!-- Generated by org.testng.reporters.JUnitReportReporter -->
<testsuite hostname="Bharaths-MacBook-Pro.local" failures="0" tests="1" name="Tests.TestScenario14" time="11.554" errors="0" timestamp="2025-04-03T14:10:08 IST" skipped="0">
  <testcase classname="Tests.TestScenario14" name="testcase4" time="11.554"/>
  <system-out/>
</testsuite> <!-- Tests.TestScenario14 -->
