<?xml version="1.0" encoding="UTF-8"?>
<!-- Generated by org.testng.reporters.JUnitReportReporter -->
<testsuite hostname="Bharaths-MacBook-Pro.local" failures="0" tests="1" name="Tests.TestScenario34" time="19.383" errors="0" timestamp="2025-04-14T15:25:17 IST" skipped="0">
  <testcase classname="Tests.TestScenario34" name="case5" time="19.383"/>
  <system-out/>
</testsuite> <!-- Tests.TestScenario34 -->
