<?xml version="1.0" encoding="UTF-8"?>
<!-- Generated by org.testng.reporters.JUnitReportReporter -->
<testsuite hostname="Bharaths-MacBook-Pro.local" failures="0" tests="1" name="Tests.TestScenario06" time="13.297" errors="0" timestamp="2025-04-28T17:58:14 IST" skipped="0">
  <testcase classname="Tests.TestScenario06" name="testcase16" time="13.297"/>
  <system-out/>
</testsuite> <!-- Tests.TestScenario06 -->
