<?xml version="1.0" encoding="UTF-8"?>
<!-- Generated by org.testng.reporters.JUnitReportReporter -->
<testsuite hostname="Bharaths-MacBook-Pro.local" failures="0" tests="2" name="Tests.TestScenario09" time="278.729" errors="0" timestamp="2025-04-22T11:54:16 IST" skipped="0">
  <testcase classname="Tests.TestScenario09" name="case1" time="38.507"/>
  <system-out/>
  <testcase classname="Tests.TestScenario09" name="case2" time="240.222"/>
  <system-out/>
</testsuite> <!-- Tests.TestScenario09 -->
