<?xml version="1.0" encoding="UTF-8"?>
<!-- Generated by org.testng.reporters.JUnitReportReporter -->
<testsuite hostname="Bharaths-MacBook-Pro.local" failures="0" tests="1" name="Tests.TestScenario23" time="25.786" errors="0" timestamp="2025-04-07T13:39:13 IST" skipped="0">
  <testcase classname="Tests.TestScenario23" name="case4" time="25.786"/>
  <system-out/>
</testsuite> <!-- Tests.TestScenario23 -->
