<?xml version="1.0" encoding="UTF-8"?>
<!-- Generated by org.testng.reporters.JUnitReportReporter -->
<testsuite hostname="Bharaths-MacBook-Pro.local" failures="0" tests="1" name="Tests.TestScenario39" time="75.131" errors="0" timestamp="2025-05-02T12:36:05 IST" skipped="0">
  <testcase classname="Tests.TestScenario39" name="case1" time="75.131"/>
  <system-out/>
</testsuite> <!-- Tests.TestScenario39 -->
