<?xml version="1.0" encoding="UTF-8"?>
<!-- Generated by org.testng.reporters.JUnitReportReporter -->
<testsuite hostname="Bharaths-MacBook-Pro.local" failures="0" tests="2" name="Tests.testCases2" time="53.800" errors="0" timestamp="2025-04-02T16:34:00 IST" skipped="0">
  <testcase classname="Tests.testCases2" name="testcase1" time="1.691"/>
  <system-out/>
  <testcase classname="Tests.testCases2" name="testcase2" time="52.109"/>
  <system-out/>
</testsuite> <!-- Tests.testCases2 -->
