<?xml version="1.0" encoding="UTF-8"?>
<!-- Generated by org.testng.reporters.JUnitReportReporter -->
<testsuite hostname="Bharaths-MacBook-Pro.local" failures="0" tests="1" name="Tests.TestScenario47" time="14.660" errors="0" timestamp="2025-04-21T16:01:23 IST" skipped="0">
  <testcase classname="Tests.TestScenario47" name="case8" time="14.660"/>
  <system-out/>
</testsuite> <!-- Tests.TestScenario47 -->
