<?xml version="1.0" encoding="UTF-8"?>
<!-- Generated by org.testng.reporters.JUnitReportReporter -->
<testsuite hostname="Bharaths-MacBook-Pro.local" failures="0" tests="1" name="Tests.TestScenario46" time="219.680" errors="0" timestamp="2025-04-16T13:48:42 IST" skipped="0">
  <testcase classname="Tests.TestScenario46" name="case1" time="219.680"/>
  <system-out/>
</testsuite> <!-- Tests.TestScenario46 -->
