<?xml version="1.0" encoding="UTF-8"?>
<!-- Generated by org.testng.reporters.JUnitReportReporter -->
<testsuite hostname="Bharaths-MacBook-Pro.local" failures="0" tests="1" name="Tests.TestScenario42" time="55.196" errors="0" timestamp="2025-05-02T12:47:24 IST" skipped="0">
  <testcase classname="Tests.TestScenario42" name="case3" time="55.196"/>
  <system-out/>
</testsuite> <!-- Tests.TestScenario42 -->
