<?xml version="1.0" encoding="UTF-8"?>
<!-- Generated by org.testng.reporters.JUnitReportReporter -->
<testsuite hostname="Bharaths-MacBook-Pro.local" failures="0" tests="1" name="Tests.TestScenario48" time="19.247" errors="0" timestamp="2025-04-24T16:27:53 IST" skipped="0">
  <testcase classname="Tests.TestScenario48" name="case3" time="19.247"/>
  <system-out/>
</testsuite> <!-- Tests.TestScenario48 -->
