<?xml version="1.0" encoding="UTF-8"?>
<!-- Generated by org.testng.reporters.JUnitReportReporter -->
<testsuite hostname="Bharaths-MacBook-Pro.local" failures="0" tests="1" name="Tests.testcases3" time="64.353" errors="0" timestamp="2025-04-02T17:29:57 IST" skipped="0">
  <testcase classname="Tests.testcases3" name="testcase1" time="64.353"/>
  <system-out/>
</testsuite> <!-- Tests.testcases3 -->
