<?xml version="1.0" encoding="UTF-8"?>
<!-- Generated by org.testng.reporters.JUnitReportReporter -->
<testsuite hostname="Bharaths-MacBook-Pro.local" failures="0" tests="1" name="Tests.TestScenario49" time="14.379" errors="0" timestamp="2025-04-16T16:13:17 IST" skipped="0">
  <testcase classname="Tests.TestScenario49" name="case1" time="14.379"/>
  <system-out/>
</testsuite> <!-- Tests.TestScenario49 -->
