<?xml version="1.0" encoding="UTF-8"?>
<!-- Generated by org.testng.reporters.JUnitReportReporter -->
<testsuite hostname="Bharaths-MacBook-Pro.local" failures="0" tests="1" name="Tests.TestScenario08" time="34.624" errors="0" timestamp="2025-04-24T16:30:58 IST" skipped="0">
  <testcase classname="Tests.TestScenario08" name="case1" time="34.624"/>
  <system-out/>
</testsuite> <!-- Tests.TestScenario08 -->
