<?xml version="1.0" encoding="UTF-8"?>
<!-- Generated by org.testng.reporters.JUnitReportReporter -->
<testsuite hostname="Bharaths-MacBook-Pro.local" failures="0" tests="1" name="Tests.TestScenario24" time="6.701" errors="0" timestamp="2025-04-07T15:38:16 IST" skipped="0">
  <testcase classname="Tests.TestScenario24" name="case2" time="6.701"/>
  <system-out/>
</testsuite> <!-- Tests.TestScenario24 -->
