<?xml version="1.0" encoding="UTF-8"?>
<!-- Generated by org.testng.reporters.JUnitReportReporter -->
<testsuite hostname="Bharaths-MacBook-Pro.local" failures="0" tests="1" name="Tests.TestScenario40" time="82.046" errors="0" timestamp="2025-05-02T12:38:28 IST" skipped="0">
  <testcase classname="Tests.TestScenario40" name="case1" time="82.046"/>
  <system-out/>
</testsuite> <!-- Tests.TestScenario40 -->
