<?xml version="1.0" encoding="UTF-8"?>
<!-- Generated by org.testng.reporters.JUnitReportReporter -->
<testsuite hostname="Bharaths-MacBook-Pro.local" failures="0" tests="1" name="Tests.TestScenario19" time="24.076" errors="0" timestamp="2025-04-04T17:40:32 IST" skipped="0">
  <testcase classname="Tests.TestScenario19" name="case7" time="24.076"/>
  <system-out/>
</testsuite> <!-- Tests.TestScenario19 -->
