<?xml version="1.0" encoding="UTF-8"?>
<!-- Generated by org.testng.reporters.JUnitReportReporter -->
<testsuite hostname="Bharaths-MacBook-Pro.local" failures="0" tests="1" name="Tests.TestScenario35" time="28.018" errors="0" timestamp="2025-04-14T15:29:28 IST" skipped="0">
  <testcase classname="Tests.TestScenario35" name="case1" time="28.018"/>
  <system-out/>
</testsuite> <!-- Tests.TestScenario35 -->
