<?xml version="1.0" encoding="UTF-8"?>
<!-- Generated by org.testng.reporters.JUnitReportReporter -->
<testsuite hostname="Bharaths-MacBook-Pro.local" failures="0" tests="2" name="Tests.TestScenario09and10and11" time="481.493" errors="0" timestamp="2025-04-24T16:43:09 IST" skipped="0">
  <testcase classname="Tests.TestScenario09and10and11" name="case2" time="443.177"/>
  <system-out/>
  <testcase classname="Tests.TestScenario09and10and11" name="case1" time="38.316"/>
  <system-out/>
</testsuite> <!-- Tests.TestScenario09and10and11 -->
