<?xml version="1.0" encoding="UTF-8"?>
<!-- Generated by org.testng.reporters.JUnitReportReporter -->
<testsuite hostname="Bharaths-MacBook-Pro.local" failures="0" tests="1" name="Tests.LoginCasesTest" time="6.044" errors="0" timestamp="2025-04-01T14:06:29 IST" skipped="0">
  <testcase classname="Tests.LoginCasesTest" name="case2" time="6.044"/>
  <system-out/>
</testsuite> <!-- Tests.LoginCasesTest -->
